<?xml version="1.0" encoding="UTF-8"?>
<coverage generated="1658741027570" clover="3.2.0">
  <project timestamp="1658741027570" name="All files">
    <metrics statements="53" coveredstatements="39" conditionals="8" coveredconditionals="7" methods="17" coveredmethods="11" elements="78" coveredelements="57" complexity="0" loc="53" ncloc="53" packages="1" files="6" classes="6"/>
    <file name="FilterBar.js" path="/Users/dominik/Desktop/projects/movie-frontend/src/components/FilterBar.js">
      <metrics statements="9" coveredstatements="0" conditionals="0" coveredconditionals="0" methods="3" coveredmethods="0"/>
      <line num="7" count="0" type="stmt"/>
      <line num="8" count="0" type="stmt"/>
      <line num="11" count="0" type="stmt"/>
      <line num="15" count="0" type="stmt"/>
      <line num="16" count="0" type="stmt"/>
      <line num="20" count="0" type="stmt"/>
      <line num="52" count="0" type="stmt"/>
      <line num="56" count="0" type="stmt"/>
      <line num="62" count="0" type="stmt"/>
    </file>
    <file name="GenreItem.js" path="/Users/dominik/Desktop/projects/movie-frontend/src/components/GenreItem.js">
      <metrics statements="2" coveredstatements="2" conditionals="0" coveredconditionals="0" methods="1" coveredmethods="1"/>
      <line num="5" count="38" type="stmt"/>
      <line num="15" count="1" type="stmt"/>
    </file>
    <file name="Loader.js" path="/Users/dominik/Desktop/projects/movie-frontend/src/components/Loader.js">
      <metrics statements="2" coveredstatements="1" conditionals="0" coveredconditionals="0" methods="1" coveredmethods="0"/>
      <line num="4" count="1" type="stmt"/>
      <line num="5" count="0" type="stmt"/>
    </file>
    <file name="MovieItem.js" path="/Users/dominik/Desktop/projects/movie-frontend/src/components/MovieItem.js">
      <metrics statements="17" coveredstatements="17" conditionals="2" coveredconditionals="2" methods="4" coveredmethods="4"/>
      <line num="6" count="40" type="stmt"/>
      <line num="7" count="40" type="stmt"/>
      <line num="8" count="40" type="stmt"/>
      <line num="9" count="124" type="stmt"/>
      <line num="10" count="2356" type="cond" truecount="2" falsecount="0"/>
      <line num="11" count="124" type="stmt"/>
      <line num="16" count="40" type="stmt"/>
      <line num="20" count="40" type="stmt"/>
      <line num="47" count="1" type="stmt"/>
      <line num="56" count="1" type="stmt"/>
      <line num="57" count="40" type="stmt"/>
      <line num="65" count="1" type="stmt"/>
      <line num="66" count="40" type="stmt"/>
      <line num="75" count="1" type="stmt"/>
      <line num="88" count="1" type="stmt"/>
      <line num="95" count="1" type="stmt"/>
      <line num="100" count="1" type="stmt"/>
    </file>
    <file name="SearchResults.js" path="/Users/dominik/Desktop/projects/movie-frontend/src/components/SearchResults.js">
      <metrics statements="21" coveredstatements="18" conditionals="6" coveredconditionals="5" methods="7" coveredmethods="6"/>
      <line num="17" count="2" type="stmt"/>
      <line num="18" count="2" type="stmt"/>
      <line num="24" count="2" type="stmt"/>
      <line num="27" count="0" type="stmt"/>
      <line num="31" count="2" type="cond" truecount="1" falsecount="1"/>
      <line num="35" count="0" type="stmt"/>
      <line num="39" count="0" type="stmt"/>
      <line num="49" count="2" type="stmt"/>
      <line num="50" count="2" type="stmt"/>
      <line num="51" count="2" type="stmt"/>
      <line num="53" count="2" type="stmt"/>
      <line num="60" count="4" type="stmt"/>
      <line num="61" count="4" type="stmt"/>
      <line num="71" count="40" type="stmt"/>
      <line num="115" count="38" type="stmt"/>
      <line num="126" count="1" type="stmt"/>
      <line num="130" count="1" type="stmt"/>
      <line num="136" count="1" type="stmt"/>
      <line num="162" count="1" type="stmt"/>
      <line num="169" count="1" type="stmt"/>
      <line num="177" count="1" type="stmt"/>
    </file>
    <file name="SideMenu.js" path="/Users/dominik/Desktop/projects/movie-frontend/src/components/SideMenu.js">
      <metrics statements="2" coveredstatements="1" conditionals="0" coveredconditionals="0" methods="1" coveredmethods="0"/>
      <line num="6" count="0" type="stmt"/>
      <line num="21" count="1" type="stmt"/>
    </file>
  </project>
</coverage>
