{"/Users/dominik/Desktop/projects/movie-frontend/src/components/FilterBar.js": {"path":"/Users/dominik/Desktop/projects/movie-frontend/src/components/FilterBar.js","statementMap":{"0":{"start":{"line":7,"column":8},"end":{"line":7,"column":21}},"1":{"start":{"line":8,"column":8},"end":{"line":10,"column":10}},"2":{"start":{"line":11,"column":8},"end":{"line":11,"column":57}},"3":{"start":{"line":15,"column":8},"end":{"line":15,"column":55}},"4":{"start":{"line":16,"column":8},"end":{"line":16,"column":47}},"5":{"start":{"line":20,"column":8},"end":{"line":48,"column":10}},"6":{"start":{"line":52,"column":27},"end":{"line":54,"column":1}},"7":{"start":{"line":56,"column":27},"end":{"line":60,"column":1}},"8":{"start":{"line":62,"column":28},"end":{"line":62,"column":40}}},"fnMap":{"0":{"name":"(anonymous_0)","decl":{"start":{"line":6,"column":4},"end":{"line":6,"column":5}},"loc":{"start":{"line":6,"column":23},"end":{"line":12,"column":5}},"line":6},"1":{"name":"(anonymous_1)","decl":{"start":{"line":14,"column":4},"end":{"line":14,"column":5}},"loc":{"start":{"line":14,"column":24},"end":{"line":17,"column":5}},"line":14},"2":{"name":"(anonymous_2)","decl":{"start":{"line":19,"column":4},"end":{"line":19,"column":5}},"loc":{"start":{"line":19,"column":13},"end":{"line":49,"column":5}},"line":19}},"branchMap":{},"s":{"0":0,"1":0,"2":0,"3":0,"4":0,"5":0,"6":0,"7":0,"8":0},"f":{"0":0,"1":0,"2":0},"b":{}}
,"/Users/dominik/Desktop/projects/movie-frontend/src/components/GenreItem.js": {"path":"/Users/dominik/Desktop/projects/movie-frontend/src/components/GenreItem.js","statementMap":{"0":{"start":{"line":5,"column":4},"end":{"line":12,"column":6}},"1":{"start":{"line":15,"column":25},"end":{"line":17,"column":1}}},"fnMap":{"0":{"name":"GenreItem","decl":{"start":{"line":4,"column":9},"end":{"line":4,"column":18}},"loc":{"start":{"line":4,"column":30},"end":{"line":13,"column":1}},"line":4}},"branchMap":{},"s":{"0":38,"1":1},"f":{"0":38},"b":{},"_coverageSchema":"1a1c01bbd47fc00a2c39e90264f33305004495a9","hash":"97a455fd8de7fb41365872818118f51039f5bf94"}
,"/Users/dominik/Desktop/projects/movie-frontend/src/components/Loader.js": {"path":"/Users/dominik/Desktop/projects/movie-frontend/src/components/Loader.js","statementMap":{"0":{"start":{"line":4,"column":15},"end":{"line":11,"column":1}},"1":{"start":{"line":5,"column":4},"end":{"line":10,"column":6}}},"fnMap":{"0":{"name":"(anonymous_0)","decl":{"start":{"line":4,"column":15},"end":{"line":4,"column":16}},"loc":{"start":{"line":4,"column":21},"end":{"line":11,"column":1}},"line":4}},"branchMap":{},"s":{"0":1,"1":0},"f":{"0":0},"b":{},"_coverageSchema":"1a1c01bbd47fc00a2c39e90264f33305004495a9","hash":"465b4494fefd910114356d0b68874e796080d1b3"}
,"/Users/dominik/Desktop/projects/movie-frontend/src/components/MovieItem.js": {"path":"/Users/dominik/Desktop/projects/movie-frontend/src/components/MovieItem.js","statementMap":{"0":{"start":{"line":6,"column":16},"end":{"line":17,"column":5}},"1":{"start":{"line":7,"column":23},"end":{"line":7,"column":25}},"2":{"start":{"line":8,"column":8},"end":{"line":14,"column":9}},"3":{"start":{"line":8,"column":21},"end":{"line":8,"column":22}},"4":{"start":{"line":9,"column":12},"end":{"line":13,"column":13}},"5":{"start":{"line":9,"column":25},"end":{"line":9,"column":26}},"6":{"start":{"line":10,"column":16},"end":{"line":12,"column":17}},"7":{"start":{"line":11,"column":20},"end":{"line":11,"column":55}},"8":{"start":{"line":16,"column":8},"end":{"line":16,"column":24}},"9":{"start":{"line":20,"column":8},"end":{"line":43,"column":10}},"10":{"start":{"line":47,"column":27},"end":{"line":54,"column":1}},"11":{"start":{"line":56,"column":15},"end":{"line":63,"column":1}},"12":{"start":{"line":57,"column":35},"end":{"line":57,"column":59}},"13":{"start":{"line":65,"column":15},"end":{"line":73,"column":1}},"14":{"start":{"line":66,"column":35},"end":{"line":66,"column":59}},"15":{"start":{"line":75,"column":20},"end":{"line":78,"column":1}},"16":{"start":{"line":88,"column":22},"end":{"line":93,"column":1}},"17":{"start":{"line":95,"column":25},"end":{"line":98,"column":1}},"18":{"start":{"line":100,"column":20},"end":{"line":105,"column":1}}},"fnMap":{"0":{"name":"(anonymous_0)","decl":{"start":{"line":6,"column":16},"end":{"line":6,"column":17}},"loc":{"start":{"line":6,"column":44},"end":{"line":17,"column":5}},"line":6},"1":{"name":"(anonymous_1)","decl":{"start":{"line":19,"column":4},"end":{"line":19,"column":5}},"loc":{"start":{"line":19,"column":13},"end":{"line":44,"column":5}},"line":19},"2":{"name":"(anonymous_2)","decl":{"start":{"line":57,"column":24},"end":{"line":57,"column":25}},"loc":{"start":{"line":57,"column":35},"end":{"line":57,"column":59}},"line":57},"3":{"name":"(anonymous_3)","decl":{"start":{"line":66,"column":24},"end":{"line":66,"column":25}},"loc":{"start":{"line":66,"column":35},"end":{"line":66,"column":59}},"line":66}},"branchMap":{"0":{"loc":{"start":{"line":10,"column":16},"end":{"line":12,"column":17}},"type":"if","locations":[{"start":{"line":10,"column":16},"end":{"line":12,"column":17}},{"start":{},"end":{}}],"line":10}},"s":{"0":40,"1":40,"2":40,"3":40,"4":124,"5":124,"6":2356,"7":124,"8":40,"9":40,"10":1,"11":1,"12":40,"13":1,"14":40,"15":1,"16":1,"17":1,"18":1},"f":{"0":40,"1":40,"2":40,"3":40},"b":{"0":[124,2232]},"_coverageSchema":"1a1c01bbd47fc00a2c39e90264f33305004495a9","hash":"080c5059d7bb474637e600e5f07607e95d197824"}
,"/Users/dominik/Desktop/projects/movie-frontend/src/components/SearchResults.js": {"path":"/Users/dominik/Desktop/projects/movie-frontend/src/components/SearchResults.js","statementMap":{"0":{"start":{"line":17,"column":8},"end":{"line":17,"column":21}},"1":{"start":{"line":18,"column":8},"end":{"line":23,"column":10}},"2":{"start":{"line":24,"column":8},"end":{"line":24,"column":57}},"3":{"start":{"line":27,"column":8},"end":{"line":27,"column":59}},"4":{"start":{"line":31,"column":8},"end":{"line":45,"column":9}},"5":{"start":{"line":35,"column":36},"end":{"line":38,"column":13}},"6":{"start":{"line":39,"column":12},"end":{"line":41,"column":15}},"7":{"start":{"line":49,"column":23},"end":{"line":49,"column":43}},"8":{"start":{"line":50,"column":30},"end":{"line":50,"column":54}},"9":{"start":{"line":51,"column":8},"end":{"line":51,"column":44}},"10":{"start":{"line":53,"column":8},"end":{"line":56,"column":11}},"11":{"start":{"line":60,"column":8},"end":{"line":60,"column":52}},"12":{"start":{"line":61,"column":8},"end":{"line":122,"column":10}},"13":{"start":{"line":71,"column":24},"end":{"line":75,"column":26}},"14":{"start":{"line":115,"column":28},"end":{"line":115,"column":77}},"15":{"start":{"line":126,"column":29},"end":{"line":128,"column":1}},"16":{"start":{"line":130,"column":18},"end":{"line":134,"column":1}},"17":{"start":{"line":136,"column":21},"end":{"line":160,"column":1}},"18":{"start":{"line":162,"column":27},"end":{"line":167,"column":1}},"19":{"start":{"line":169,"column":27},"end":{"line":175,"column":1}},"20":{"start":{"line":177,"column":28},"end":{"line":183,"column":1}}},"fnMap":{"0":{"name":"(anonymous_0)","decl":{"start":{"line":16,"column":4},"end":{"line":16,"column":5}},"loc":{"start":{"line":16,"column":23},"end":{"line":25,"column":5}},"line":16},"1":{"name":"(anonymous_1)","decl":{"start":{"line":26,"column":4},"end":{"line":26,"column":5}},"loc":{"start":{"line":26,"column":26},"end":{"line":28,"column":5}},"line":26},"2":{"name":"(anonymous_2)","decl":{"start":{"line":30,"column":4},"end":{"line":30,"column":5}},"loc":{"start":{"line":30,"column":51},"end":{"line":46,"column":5}},"line":30},"3":{"name":"(anonymous_3)","decl":{"start":{"line":48,"column":4},"end":{"line":48,"column":5}},"loc":{"start":{"line":48,"column":30},"end":{"line":57,"column":5}},"line":48},"4":{"name":"(anonymous_4)","decl":{"start":{"line":59,"column":4},"end":{"line":59,"column":5}},"loc":{"start":{"line":59,"column":13},"end":{"line":123,"column":5}},"line":59},"5":{"name":"(anonymous_5)","decl":{"start":{"line":70,"column":47},"end":{"line":70,"column":48}},"loc":{"start":{"line":71,"column":24},"end":{"line":75,"column":26}},"line":71},"6":{"name":"(anonymous_6)","decl":{"start":{"line":114,"column":47},"end":{"line":114,"column":48}},"loc":{"start":{"line":115,"column":28},"end":{"line":115,"column":77}},"line":115}},"branchMap":{"0":{"loc":{"start":{"line":31,"column":8},"end":{"line":45,"column":9}},"type":"if","locations":[{"start":{"line":31,"column":8},"end":{"line":45,"column":9}},{"start":{},"end":{}}],"line":31},"1":{"loc":{"start":{"line":32,"column":12},"end":{"line":33,"column":46}},"type":"binary-expr","locations":[{"start":{"line":32,"column":12},"end":{"line":32,"column":52}},{"start":{"line":33,"column":12},"end":{"line":33,"column":46}}],"line":32},"2":{"loc":{"start":{"line":64,"column":21},"end":{"line":69,"column":21}},"type":"binary-expr","locations":[{"start":{"line":64,"column":21},"end":{"line":64,"column":46}},{"start":{"line":65,"column":24},"end":{"line":68,"column":36}}],"line":64}},"s":{"0":2,"1":2,"2":2,"3":0,"4":2,"5":0,"6":0,"7":2,"8":2,"9":2,"10":2,"11":4,"12":4,"13":40,"14":38,"15":1,"16":1,"17":1,"18":1,"19":1,"20":1},"f":{"0":2,"1":0,"2":2,"3":2,"4":4,"5":40,"6":38},"b":{"0":[0,2],"1":[2,2],"2":[4,2]},"_coverageSchema":"1a1c01bbd47fc00a2c39e90264f33305004495a9","hash":"8b6f4f87bc1d2210f72e803e16a5074f299b6444"}
,"/Users/dominik/Desktop/projects/movie-frontend/src/components/SideMenu.js": {"path":"/Users/dominik/Desktop/projects/movie-frontend/src/components/SideMenu.js","statementMap":{"0":{"start":{"line":6,"column":8},"end":{"line":17,"column":10}},"1":{"start":{"line":21,"column":24},"end":{"line":24,"column":1}}},"fnMap":{"0":{"name":"(anonymous_0)","decl":{"start":{"line":5,"column":4},"end":{"line":5,"column":5}},"loc":{"start":{"line":5,"column":13},"end":{"line":18,"column":5}},"line":5}},"branchMap":{},"s":{"0":0,"1":1},"f":{"0":0},"b":{},"_coverageSchema":"1a1c01bbd47fc00a2c39e90264f33305004495a9","hash":"70d7d8cc4511b48041318fba6014dbcd25c7523a"}
}
