TN:
SF:src/components/FilterBar.js
FN:6,(anonymous_0)
FN:14,(anonymous_1)
FN:19,(anonymous_2)
FNF:3
FNH:0
FNDA:0,(anonymous_0)
FNDA:0,(anonymous_1)
FNDA:0,(anonymous_2)
DA:7,0
DA:8,0
DA:11,0
DA:15,0
DA:16,0
DA:20,0
DA:52,0
DA:56,0
DA:62,0
LF:9
LH:0
BRF:0
BRH:0
end_of_record
TN:
SF:src/components/GenreItem.js
FN:4,GenreItem
FNF:1
FNH:0
FNDA:0,GenreItem
DA:5,0
DA:15,1
LF:2
LH:1
BRF:0
BRH:0
end_of_record
TN:
SF:src/components/Loader.js
FN:4,(anonymous_0)
FNF:1
FNH:0
FNDA:0,(anonymous_0)
DA:4,1
DA:5,0
LF:2
LH:1
BRF:0
BRH:0
end_of_record
TN:
SF:src/components/MovieItem.js
FN:6,(anonymous_0)
FN:19,(anonymous_1)
FN:57,(anonymous_2)
FN:66,(anonymous_3)
FNF:4
FNH:0
FNDA:0,(anonymous_0)
FNDA:0,(anonymous_1)
FNDA:0,(anonymous_2)
FNDA:0,(anonymous_3)
DA:6,0
DA:7,0
DA:8,0
DA:9,0
DA:10,0
DA:11,0
DA:16,0
DA:20,0
DA:47,1
DA:56,1
DA:57,0
DA:65,1
DA:66,0
DA:75,1
DA:88,1
DA:95,1
DA:100,1
LF:17
LH:7
BRDA:10,0,0,0
BRDA:10,0,1,0
BRF:2
BRH:0
end_of_record
TN:
SF:src/components/SearchResults.js
FN:16,(anonymous_0)
FN:26,(anonymous_1)
FN:30,(anonymous_2)
FN:47,(anonymous_3)
FN:59,(anonymous_4)
FN:69,(anonymous_5)
FN:113,(anonymous_6)
FNF:7
FNH:3
FNDA:1,(anonymous_0)
FNDA:0,(anonymous_1)
FNDA:0,(anonymous_2)
FNDA:1,(anonymous_3)
FNDA:1,(anonymous_4)
FNDA:0,(anonymous_5)
FNDA:0,(anonymous_6)
DA:17,1
DA:18,1
DA:24,1
DA:27,0
DA:31,0
DA:35,0
DA:39,0
DA:48,1
DA:49,0
DA:50,0
DA:60,1
DA:70,0
DA:114,0
DA:125,1
DA:129,1
DA:135,1
DA:161,1
DA:168,1
DA:176,1
LF:19
LH:11
BRDA:31,0,0,0
BRDA:31,0,1,0
BRDA:32,1,0,0
BRDA:32,1,1,0
BRDA:63,2,0,1
BRDA:63,2,1,1
BRF:6
BRH:2
end_of_record
TN:
SF:src/components/SideMenu.js
FN:5,(anonymous_0)
FNF:1
FNH:0
FNDA:0,(anonymous_0)
DA:6,0
DA:21,1
LF:2
LH:1
BRF:0
BRH:0
end_of_record
