TN:
SF:src/components/FilterBar.js
FN:6,(anonymous_0)
FN:14,(anonymous_1)
FN:19,(anonymous_2)
FNF:3
FNH:0
FNDA:0,(anonymous_0)
FNDA:0,(anonymous_1)
FNDA:0,(anonymous_2)
DA:7,0
DA:8,0
DA:11,0
DA:15,0
DA:16,0
DA:20,0
DA:52,0
DA:56,0
DA:62,0
LF:9
LH:0
BRF:0
BRH:0
end_of_record
TN:
SF:src/components/GenreItem.js
FN:4,GenreItem
FNF:1
FNH:1
FNDA:19,GenreItem
DA:5,19
DA:15,1
LF:2
LH:2
BRF:0
BRH:0
end_of_record
TN:
SF:src/components/Loader.js
FN:4,(anonymous_0)
FNF:1
FNH:0
FNDA:0,(anonymous_0)
DA:4,1
DA:5,0
LF:2
LH:1
BRF:0
BRH:0
end_of_record
TN:
SF:src/components/MovieItem.js
FN:6,(anonymous_0)
FN:19,(anonymous_1)
FN:57,(anonymous_2)
FN:66,(anonymous_3)
FNF:4
FNH:4
FNDA:20,(anonymous_0)
FNDA:20,(anonymous_1)
FNDA:20,(anonymous_2)
FNDA:20,(anonymous_3)
DA:6,20
DA:7,20
DA:8,20
DA:9,62
DA:10,1178
DA:11,62
DA:16,20
DA:20,20
DA:47,1
DA:56,1
DA:57,20
DA:65,1
DA:66,20
DA:75,1
DA:88,1
DA:95,1
DA:100,1
LF:17
LH:17
BRDA:10,0,0,62
BRDA:10,0,1,1116
BRF:2
BRH:2
end_of_record
TN:
SF:src/components/SearchResults.js
FN:16,(anonymous_0)
FN:26,(anonymous_1)
FN:30,(anonymous_2)
FN:48,(anonymous_3)
FN:59,(anonymous_4)
FN:70,(anonymous_5)
FN:114,(anonymous_6)
FNF:7
FNH:6
FNDA:1,(anonymous_0)
FNDA:0,(anonymous_1)
FNDA:1,(anonymous_2)
FNDA:1,(anonymous_3)
FNDA:2,(anonymous_4)
FNDA:20,(anonymous_5)
FNDA:19,(anonymous_6)
DA:17,1
DA:18,1
DA:24,1
DA:27,0
DA:31,1
DA:35,0
DA:39,0
DA:49,1
DA:50,1
DA:51,1
DA:53,1
DA:60,2
DA:61,2
DA:71,20
DA:115,19
DA:126,1
DA:130,1
DA:136,1
DA:162,1
DA:169,1
DA:177,1
LF:21
LH:18
BRDA:31,0,0,0
BRDA:31,0,1,1
BRDA:32,1,0,1
BRDA:32,1,1,1
BRDA:64,2,0,2
BRDA:64,2,1,1
BRF:6
BRH:5
end_of_record
TN:
SF:src/components/SideMenu.js
FN:5,(anonymous_0)
FNF:1
FNH:0
FNDA:0,(anonymous_0)
DA:6,0
DA:21,1
LF:2
LH:1
BRF:0
BRH:0
end_of_record
